\BOOKMARK [1][-]{section.1}{Introduction}{}% 1
\BOOKMARK [2][-]{subsection.1.1}{Uniqueness of the ecalj package.}{section.1}% 2
\BOOKMARK [3][-]{subsubsection.1.1.1}{What do we expect for QSGW?}{subsection.1.1}% 3
\BOOKMARK [2][-]{subsection.1.2}{Rule in this manual}{section.1}% 4
\BOOKMARK [2][-]{subsection.1.3}{What can we do with the ecalj package?}{section.1}% 5
\BOOKMARK [1][-]{section.2}{Install}{}% 6
\BOOKMARK [2][-]{subsection.2.1}{Binaries and Scripts}{section.2}% 7
\BOOKMARK [2][-]{subsection.2.2}{tests}{section.2}% 8
\BOOKMARK [2][-]{subsection.2.3}{Directory structure}{section.2}% 9
\BOOKMARK [1][-]{section.3}{Theory \(note\)}{}% 10
\BOOKMARK [1][-]{section.4}{LDA/GGA calculations and Plots}{}% 11
\BOOKMARK [2][-]{subsection.4.1}{Write crystal structure file, ctrls}{section.4}% 12
\BOOKMARK [2][-]{subsection.4.2}{Generate default ctrl from ctrls by ctrlgenM1.py}{section.4}% 13
\BOOKMARK [2][-]{subsection.4.3}{crystal structure checker: lmchk}{section.4}% 14
\BOOKMARK [2][-]{subsection.4.4}{ctrl file}{section.4}% 15
\BOOKMARK [2][-]{subsection.4.5}{Run LDA/GGA calculations, and get convergence}{section.4}% 16
\BOOKMARK [2][-]{subsection.4.6}{DOS, PDOS plot}{section.4}% 17
\BOOKMARK [2][-]{subsection.4.7}{Band plot}{section.4}% 18
\BOOKMARK [3][-]{subsubsection.4.7.1}{syml genearator}{subsection.4.7}% 19
\BOOKMARK [2][-]{subsection.4.8}{Useful samples: ecalj/MATERIAL/}{section.4}% 20
\BOOKMARK [2][-]{subsection.4.9}{How to add spin-orbit coupling?}{section.4}% 21
\BOOKMARK [2][-]{subsection.4.10}{PROCASR \(VASP format\) generator}{section.4}% 22
\BOOKMARK [2][-]{subsection.4.11}{efermi.lmf}{section.4}% 23
\BOOKMARK [2][-]{subsection.4.12}{Effective mass calculation}{section.4}% 24
\BOOKMARK [2][-]{subsection.4.13}{density and |eigenfunction|2 plot}{section.4}% 25
\BOOKMARK [2][-]{subsection.4.14}{LDA+U}{section.4}% 26
\BOOKMARK [2][-]{subsection.4.15}{QSGW after LDA+U}{section.4}% 27
\BOOKMARK [2][-]{subsection.4.16}{partially occupied core-hole}{section.4}% 28
\BOOKMARK [1][-]{section.5}{How to run QSGW calculation?}{}% 29
\BOOKMARK [2][-]{subsection.5.1}{GWinput}{section.5}% 30
\BOOKMARK [2][-]{subsection.5.2}{Run gwsc script}{section.5}% 31
\BOOKMARK [2][-]{subsection.5.3}{Spectrum function: How to calculate qn|\(\)|qn}{section.5}% 32
\BOOKMARK [1][-]{section.6}{gwsc script to perform QSGW}{}% 33
\BOOKMARK [2][-]{subsection.6.1}{outputs of gwsc}{section.6}% 34
\BOOKMARK [2][-]{subsection.6.2}{Preparation stage of gwsc}{section.6}% 35
\BOOKMARK [2][-]{subsection.6.3}{Main stage of gwsc}{section.6}% 36
\BOOKMARK [2][-]{subsection.6.4}{Other functions \(or scripts\)}{section.6}% 37
\BOOKMARK [1][-]{section.7}{Usage problems, QandA error messages.}{}% 38
\BOOKMARK [1][-]{section.8}{Cautions for usage}{}% 39
\BOOKMARK [2][-]{subsection.8.1}{lmf \205help}{section.8}% 40
\BOOKMARK [1][-]{section.9}{Wannier function }{}% 41
\BOOKMARK [2][-]{subsection.9.1}{lwmatK1 and lwmatK2}{section.9}% 42
\BOOKMARK [1][-]{section.10}{ctrl file details}{}% 43
\BOOKMARK [2][-]{subsection.10.1}{How to set local orbitals}{section.10}% 44
\BOOKMARK [1][-]{section.11}{GWinput details}{}% 45
\BOOKMARK [2][-]{subsection.11.1}{generate a template of GWinput}{section.11}% 46
\BOOKMARK [2][-]{subsection.11.2}{overview of GWinput}{section.11}% 47
\BOOKMARK [2][-]{subsection.11.3}{General section}{section.11}% 48
\BOOKMARK [2][-]{subsection.11.4}{<QPNT> section}{section.11}% 49
\BOOKMARK [2][-]{subsection.11.5}{set QPNT for eps mode \(QforEPS section\)}{section.11}% 50
\BOOKMARK [2][-]{subsection.11.6}{<PRODUCT\137BASIS> section}{section.11}% 51
\BOOKMARK [2][-]{subsection.11.7}{ANFcond \(we can skip here since we do not check this option now. Need fix this if necessary.}{section.11}% 52
\BOOKMARK [1][-]{section.12}{Main Output Files of GW part}{}% 53
\BOOKMARK [2][-]{subsection.12.1}{QPU}{section.12}% 54
\BOOKMARK [2][-]{subsection.12.2}{XCU}{section.12}% 55
\BOOKMARK [2][-]{subsection.12.3}{SEXU}{section.12}% 56
\BOOKMARK [2][-]{subsection.12.4}{SEXcoreU}{section.12}% 57
\BOOKMARK [2][-]{subsection.12.5}{SECU}{section.12}% 58
\BOOKMARK [2][-]{subsection.12.6}{TOTE.UP \(TOTE.DN\)}{section.12}% 59
\BOOKMARK [2][-]{subsection.12.7}{TOTE2.UP \(TOTE2.DN\)}{section.12}% 60
\BOOKMARK [2][-]{subsection.12.8}{DOSACC.lda}{section.12}% 61
\BOOKMARK [2][-]{subsection.12.9}{DOSACC2.lda}{section.12}% 62
\BOOKMARK [2][-]{subsection.12.10}{Core\137ibas*\137l*.chk}{section.12}% 63
\BOOKMARK [2][-]{subsection.12.11}{VXCFP.chk}{section.12}% 64
\BOOKMARK [2][-]{subsection.12.12}{The Fermi energies in this GWcode.}{section.12}% 65
\BOOKMARK [1][-]{section.13}{mkGWIN\137lmf2 and its I/O Files}{}% 66
\BOOKMARK [2][-]{subsection.13.1}{echo 0|lmfgw}{section.13}% 67
\BOOKMARK [2][-]{subsection.13.2}{gwinit}{section.13}% 68
\BOOKMARK [2][-]{subsection.13.3}{echo -100|qg4gw}{section.13}% 69
\BOOKMARK [1][-]{section.14}{gwsc script and its I/O Files}{}% 70
\BOOKMARK [2][-]{subsection.14.1}{echo 0| lmfgw si}{section.14}% 71
\BOOKMARK [2][-]{subsection.14.2}{echo 1| qg4gw}{section.14}% 72
\BOOKMARK [2][-]{subsection.14.3}{echo 1|lmfgw si}{section.14}% 73
\BOOKMARK [2][-]{subsection.14.4}{lmf2gw}{section.14}% 74
\BOOKMARK [2][-]{subsection.14.5}{rdata4gw\137v2}{section.14}% 75
\BOOKMARK [2][-]{subsection.14.6}{echo 1|heftet}{section.14}% 76
\BOOKMARK [2][-]{subsection.14.7}{hchknw}{section.14}% 77
\BOOKMARK [2][-]{subsection.14.8}{echo 3|hbasfp0}{section.14}% 78
\BOOKMARK [2][-]{subsection.14.9}{echo 0| hvccfp0}{section.14}% 79
\BOOKMARK [2][-]{subsection.14.10}{echo 3|hsfp0}{section.14}% 80
\BOOKMARK [2][-]{subsection.14.11}{echo 0|hsfp0}{section.14}% 81
\BOOKMARK [2][-]{subsection.14.12}{echo 1|hsfp0}{section.14}% 82
\BOOKMARK [2][-]{subsection.14.13}{echo 11|hx0fp0}{section.14}% 83
\BOOKMARK [2][-]{subsection.14.14}{echo 12|hsfp0}{section.14}% 84
\BOOKMARK [2][-]{subsection.14.15}{echo 0|hqpe}{section.14}% 85
\BOOKMARK [1][-]{section.15}{Check list for convergence on GW calculations}{}% 86
\BOOKMARK [1][-]{section.16}{Linear response calculations}{}% 87
\BOOKMARK [2][-]{subsection.16.1}{eps\137lmfh, epsPP\137lmfh: the dielectric functions}{section.16}% 88
\BOOKMARK [2][-]{subsection.16.2}{epsPP\137lmfh: the dielectric function\(No LFC\204 faster\)}{section.16}% 89
\BOOKMARK [2][-]{subsection.16.3}{How to calculate correct dielectric funciton?}{section.16}% 90
\BOOKMARK [1][-]{section.17}{Utility}{}% 91
